<?xml version="1.0" encoding="UTF-8"?>
<robot generator="Robot 7.4.2 (Python 3.14.6 on darwin)" generated="2026-09-02T22:21:36.462884" rpa="false" schemaversion="5">
<suite id="s1" name="Login Keywords" source="/Users/johnmnl/ziua1-pytest/robot_tests/login_keywords.robot">
<test id="s1-t1" name="Login With Valid Credentials" line="19">
<kw name="Open Login Page">
<kw name="Open Browser" owner="SeleniumLibrary">
<msg time="2026-09-02T22:21:36.614013" level="INFO">Opening browser 'Chrome' to base url 'https://the-internet.herokuapp.com/login'.</msg>
<arg>${URL}</arg>
<arg>${BROWSER}</arg>
<doc>Opens a new browser instance to the optional ``url``.</doc>
<status status="PASS" start="2026-09-02T22:21:36.613880" elapsed="2.477006"/>
</kw>
<status status="PASS" start="2026-09-02T22:21:36.613504" elapsed="2.477815"/>
</kw>
<kw name="Login With Credentials">
<kw name="Input Text" owner="SeleniumLibrary">
<msg time="2026-09-02T22:21:39.092689" level="INFO">Typing text 'tomsmith' into text field 'id:username'.</msg>
<arg>id:username</arg>
<arg>${username}</arg>
<doc>Types the given ``text`` into the text field identified by ``locator``.</doc>
<status status="PASS" start="2026-09-02T22:21:39.092253" elapsed="0.091503"/>
</kw>
<kw name="Input Text" owner="SeleniumLibrary">
<msg time="2026-09-02T22:21:39.184082" level="INFO">Typing text 'SuperSecretPassword!' into text field 'id:password'.</msg>
<arg>id:password</arg>
<arg>${password}</arg>
<doc>Types the given ``text`` into the text field identified by ``locator``.</doc>
<status status="PASS" start="2026-09-02T22:21:39.183888" elapsed="0.034564"/>
</kw>
<kw name="Click Button" owner="SeleniumLibrary">
<msg time="2026-09-02T22:21:39.218742" level="INFO">Clicking button 'css:button[type='submit']'.</msg>
<arg>css:button[type='submit']</arg>
<doc>Clicks the button identified by ``locator``.</doc>
<status status="PASS" start="2026-09-02T22:21:39.218580" elapsed="0.324453"/>
</kw>
<arg>tomsmith</arg>
<arg>SuperSecretPassword!</arg>
<status status="PASS" start="2026-09-02T22:21:39.091846" elapsed="0.451289"/>
</kw>
<kw name="Wait Until Element Is Visible" owner="SeleniumLibrary">
<arg>css:.flash.success</arg>
<arg>timeout=10s</arg>
<doc>Waits until the element ``locator`` is visible.</doc>
<status status="PASS" start="2026-09-02T22:21:39.543281" elapsed="0.011147"/>
</kw>
<kw name="Element Should Contain" owner="SeleniumLibrary">
<msg time="2026-09-02T22:21:39.563613" level="INFO">Element 'css:.flash.success' contains text 'You logged into a secure area'.</msg>
<arg>css:.flash.success</arg>
<arg>You logged into a secure area</arg>
<doc>Verifies that element ``locator`` contains text ``expected``.</doc>
<status status="PASS" start="2026-09-02T22:21:39.554608" elapsed="0.009076"/>
</kw>
<kw name="Close Browser" owner="SeleniumLibrary">
<doc>Closes the current browser.</doc>
<status status="PASS" start="2026-09-02T22:21:39.563829" elapsed="0.076343"/>
</kw>
<status status="PASS" start="2026-09-02T22:21:36.613175" elapsed="3.027168"/>
</test>
<test id="s1-t2" name="Login With Invalid Credentials" line="26">
<kw name="Open Login Page">
<kw name="Open Browser" owner="SeleniumLibrary">
<msg time="2026-09-02T22:21:39.641005" level="INFO">Opening browser 'Chrome' to base url 'https://the-internet.herokuapp.com/login'.</msg>
<arg>${URL}</arg>
<arg>${BROWSER}</arg>
<doc>Opens a new browser instance to the optional ``url``.</doc>
<status status="PASS" start="2026-09-02T22:21:39.640872" elapsed="2.472715"/>
</kw>
<status status="PASS" start="2026-09-02T22:21:39.640735" elapsed="2.473275"/>
</kw>
<kw name="Login With Credentials">
<kw name="Input Text" owner="SeleniumLibrary">
<msg time="2026-09-02T22:21:42.115549" level="INFO">Typing text 'wronguser' into text field 'id:username'.</msg>
<arg>id:username</arg>
<arg>${username}</arg>
<doc>Types the given ``text`` into the text field identified by ``locator``.</doc>
<status status="PASS" start="2026-09-02T22:21:42.115177" elapsed="0.101389"/>
</kw>
<kw name="Input Text" owner="SeleniumLibrary">
<msg time="2026-09-02T22:21:42.216855" level="INFO">Typing text 'wrongpass' into text field 'id:password'.</msg>
<arg>id:password</arg>
<arg>${password}</arg>
<doc>Types the given ``text`` into the text field identified by ``locator``.</doc>
<status status="PASS" start="2026-09-02T22:21:42.216690" elapsed="0.033328"/>
</kw>
<kw name="Click Button" owner="SeleniumLibrary">
<msg time="2026-09-02T22:21:42.250316" level="INFO">Clicking button 'css:button[type='submit']'.</msg>
<arg>css:button[type='submit']</arg>
<doc>Clicks the button identified by ``locator``.</doc>
<status status="PASS" start="2026-09-02T22:21:42.250157" elapsed="0.036522"/>
</kw>
<arg>wronguser</arg>
<arg>wrongpass</arg>
<status status="PASS" start="2026-09-02T22:21:42.114643" elapsed="0.172118"/>
</kw>
<kw name="Wait Until Element Is Visible" owner="SeleniumLibrary">
<arg>css:.flash.error</arg>
<arg>timeout=10s</arg>
<doc>Waits until the element ``locator`` is visible.</doc>
<status status="PASS" start="2026-09-02T22:21:42.286891" elapsed="0.327689"/>
</kw>
<kw name="Element Should Contain" owner="SeleniumLibrary">
<msg time="2026-09-02T22:21:42.623318" level="INFO">Element 'css:.flash.error' contains text 'Your username is invalid'.</msg>
<arg>css:.flash.error</arg>
<arg>Your username is invalid</arg>
<doc>Verifies that element ``locator`` contains text ``expected``.</doc>
<status status="PASS" start="2026-09-02T22:21:42.614753" elapsed="0.008639"/>
</kw>
<kw name="Close Browser" owner="SeleniumLibrary">
<doc>Closes the current browser.</doc>
<status status="PASS" start="2026-09-02T22:21:42.623540" elapsed="0.075338"/>
</kw>
<status status="PASS" start="2026-09-02T22:21:39.640515" elapsed="3.058527"/>
</test>
<status status="PASS" start="2026-09-02T22:21:36.464555" elapsed="6.234797"/>
</suite>
<statistics>
<total>
<stat pass="2" fail="0" skip="0">All Tests</stat>
</total>
<tag>
</tag>
<suite>
<stat name="Login Keywords" id="s1" pass="2" fail="0" skip="0">Login Keywords</stat>
</suite>
</statistics>
<errors>
</errors>
</robot>
